<?xml version="1.0" encoding="UTF-8"?>
<!-- Generated by org.testng.reporters.JUnitReportReporter -->
<testsuite hostname="DESKTOP-PVBJ9N2" failures="0" tests="2" name="firstset.Testleaf" time="62.849" errors="0" timestamp="2022-07-29T20:11:14 IST" skipped="0">
  <testcase classname="firstset.Testleaf" name="radioButton" time="51.295"/>
  <system-out/>
  <testcase classname="firstset.Testleaf" name="table" time="11.554"/>
  <system-out/>
</testsuite> <!-- firstset.Testleaf -->
