<?xml version="1.0" encoding="UTF-8"?>
<!-- Generated by org.testng.reporters.JUnitReportReporter -->
<testsuite hostname="DESKTOP-PVBJ9N2" failures="0" tests="3" name="LoginTest.LoginTest" time="1.507" errors="0" timestamp="2022-07-06T20:08:48 IST" skipped="0">
  <testcase classname="LoginTest.LoginTest" name="validateInvalidUsernameErrorMessage" time="0.647"/>
  <system-out/>
  <testcase classname="LoginTest.LoginTest" name="validatelockedoutUsernameErrorMessage" time="0.781"/>
  <system-out/>
  <testcase classname="LoginTest.LoginTest" name="validateEmptyUsernameErrorMessage" time="0.079"/>
  <system-out/>
</testsuite> <!-- LoginTest.LoginTest -->
