<?xml version="1.0" encoding="UTF-8"?>
<!-- Generated by org.testng.reporters.JUnitReportReporter -->
<testsuite hostname="DESKTOP-PVBJ9N2" failures="0" tests="1" name="com.prestocafe.test.HomePageTest" time="24.984" errors="0" timestamp="2022-08-03T20:52:23 IST" skipped="0">
  <testcase classname="com.prestocafe.test.HomePageTest" name="initializeDriverandLaunchUrl" time="24.984"/>
  <system-out/>
</testsuite> <!-- com.prestocafe.test.HomePageTest -->
