<?xml version="1.0" encoding="UTF-8"?>
<!-- Generated by org.testng.reporters.JUnitReportReporter -->
<testsuite hostname="DESKTOP-PVBJ9N2" failures="0" tests="2" name="com.prestocafe.test.LoginTest" time="9.702" errors="0" timestamp="2022-08-11T21:42:10 IST" skipped="0">
  <testcase classname="com.prestocafe.test.LoginTest" name="isElementsDisplayed" time="2.045"/>
  <system-out/>
  <testcase classname="com.prestocafe.test.LoginTest" name="validLogin" time="7.657"/>
  <system-out/>
</testsuite> <!-- com.prestocafe.test.LoginTest -->
