<?xml version="1.0" encoding="UTF-8"?>
<!-- Generated by org.testng.reporters.JUnitReportReporter -->
<testsuite hostname="DESKTOP-PVBJ9N2" failures="0" tests="2" name="com.prestocafe.test.LoginTest" time="5.171" errors="0" timestamp="2022-08-03T20:04:23 IST" skipped="0">
  <testcase classname="com.prestocafe.test.LoginTest" name="checkElementsDisplayed" time="0.550"/>
  <system-out/>
  <testcase classname="com.prestocafe.test.LoginTest" name="validLogin" time="4.621"/>
  <system-out/>
</testsuite> <!-- com.prestocafe.test.LoginTest -->
